<?xml version="1.0" encoding="UTF-8"?>
<Site BuildName="(empty)"
	BuildStamp="20210518-1138-Experimental"
	Name="(empty)"
	Generator="ctest-3.20.1"
	CompilerName=""
	CompilerVersion=""
	OSName="Windows"
	Hostname="Parth"
	OSRelease=" Professional"
	OSVersion=" (Build 19042)"
	OSPlatform="AMD64"
	Is64Bits="1"
	VendorString="GenuineIntel"
	VendorID="Intel Corporation"
	FamilyID="6"
	ModelID="14"
	ProcessorCacheSize="-1"
	NumberOfLogicalCPU="4"
	NumberOfPhysicalCPU="2"
	TotalVirtualMemory="17837"
	TotalPhysicalMemory="8109"
	LogicalProcessorsPerPhysical="2"
	ProcessorClockFrequency="2712"
	>
	<Testing>
		<StartDateTime>May 18 17:13 India Standard Time</StartDateTime>
		<StartTestTime>1621338228</StartTestTime>
		<TestList>
			<Test>./test/MatrixTests</Test>
		</TestList>
		<Test Status="passed">
			<Name>MatrixTests</Name>
			<Path>./test</Path>
			<FullName>./test/MatrixTests</FullName>
			<FullCommandLine>C:\Users\parth\Desktop\SoC\CPPMatrixLib\build\test\MatrixTests.exe</FullCommandLine>
			<Results>
				<NamedMeasurement type="numeric/double" name="Execution Time">
					<Value>0.117852</Value>
				</NamedMeasurement>
				<NamedMeasurement type="numeric/double" name="Processors">
					<Value>1</Value>
				</NamedMeasurement>
				<NamedMeasurement type="text/string" name="Completion Status">
					<Value>Completed</Value>
				</NamedMeasurement>
				<NamedMeasurement type="text/string" name="Command Line">
					<Value>C:\Users\parth\Desktop\SoC\CPPMatrixLib\build\test\MatrixTests.exe</Value>
				</NamedMeasurement>
				<NamedMeasurement type="text/string" name="Environment">
					<Value>#CTEST_RESOURCE_GROUP_COUNT=</Value>
				</NamedMeasurement>
				<Measurement>
					<Value encoding="base64" compression="gzip">eJyNUEFOw0AMvOcVPjaHrOgViQOkiAMFokQ9dSO0DSZdNVlHawd4Plm2qhokROc08oxmbJejc9a10BvrFim8e+ohv9YbRs96MF72eoV8EBp0RbnOi+LJiLdfa7vTgiysW6K2w8DPKftGt4G9hmTVNMn25oQaymPtEoIn1h45j1ZQJdvshBoeOtqZLuroPqwn16ObvCjZOPwyn2feGbZTNZSbZ/hBHUcq32NzmISIl8e5AIsr6Dn9Jze6QEhMlyaXbSxofPZGn27+j7/+AN44Ne+Zdi5uq+p+FY6JXpV8A/soj1A=</Value>
				</Measurement>
			</Results>
		</Test>
		<EndDateTime>May 18 17:13 India Standard Time</EndDateTime>
		<EndTestTime>1621338228</EndTestTime>
		<ElapsedMinutes>0</ElapsedMinutes>
	</Testing>
</Site>
